#
# A fatal error has been detected by the Java Runtime Environment:
#
#  Internal Error (opto/machnode.hpp:182), pid=7356, tid=6288
#  Error: ShouldNotReachHere()
#
# JRE version: OpenJDK Runtime Environment (17.0.11) (build 17.0.11+0--11852314)
# Java VM: OpenJDK 64-Bit Server VM (17.0.11+0--11852314, mixed mode, tiered, compressed oops, compressed class ptrs, g1 gc, windows-amd64)
# No core dump will be written. Minidumps are not enabled by default on client versions of Windows
#
# If you would like to submit a bug report, please visit:
#   https://bugreport.java.com/bugreport/crash.jsp
#

---------------  S U M M A R Y ------------

Command Line: --add-opens=java.base/java.util=ALL-UNNAMED --add-opens=java.base/java.lang=ALL-UNNAMED --add-opens=java.base/java.lang.invoke=ALL-UNNAMED --add-opens=java.prefs/java.util.prefs=ALL-UNNAMED --add-opens=java.base/java.nio.charset=ALL-UNNAMED --add-opens=java.base/java.net=ALL-UNNAMED --add-opens=java.base/java.util.concurrent.atomic=ALL-UNNAMED -Xmx2048m -Dfile.encoding=UTF-8 -Duser.country=RU -Duser.language=ru -Duser.variant -javaagent:C:\Users\alexa\.gradle\wrapper\dists\gradle-8.7-bin\bhs2wmbdwecv87pi65oeuq5iu\gradle-8.7\lib\agents\gradle-instrumentation-agent-8.7.jar org.gradle.launcher.daemon.bootstrap.GradleDaemon 8.7

Host: 12th Gen Intel(R) Core(TM) i5-12400F, 12 cores, 31G,  Windows 11 , 64 bit Build 22621 (10.0.22621.3958)
Time: Thu Sep 19 13:38:57 2024 RTZ 4 (s 11 , 64 bit Build 22621 (10.0.22621.3958) elapsed time: 1.723180 seconds (0d 0h 0m 1s)

---------------  T H R E A D  ---------------

Current thread (0x00000238d91bd050):  JavaThread "C2 CompilerThread1" daemon [_thread_in_native, id=6288, stack(0x000000d82aa00000,0x000000d82ab00000)]


Current CompileTask:
C2:   1723 2966  s!   4       jdk.internal.loader.URLClassPath::getLoader (194 bytes)

Stack: [0x000000d82aa00000,0x000000d82ab00000]
Native frames: (J=compiled Java code, j=interpreted, Vv=VM code, C=native code)
V  [jvm.dll+0x687bb9]
V  [jvm.dll+0x84142a]
V  [jvm.dll+0x8430ae]
V  [jvm.dll+0x8436c7]
V  [jvm.dll+0x24a28a]
V  [jvm.dll+0x24a1c3]
V  [jvm.dll+0x60665]
V  [jvm.dll+0x5a6f51]
V  [jvm.dll+0x1c0bcf]
V  [jvm.dll+0x1be130]
V  [jvm.dll+0x21c029]
V  [jvm.dll+0x21b311]
V  [jvm.dll+0x1a63ed]
V  [jvm.dll+0x22b1ee]
V  [jvm.dll+0x229375]
V  [jvm.dll+0x7f5647]
V  [jvm.dll+0x7efa4a]
V  [jvm.dll+0x686a35]
C  [ucrtbase.dll+0x29333]
C  [KERNEL32.DLL+0x1257d]
C  [ntdll.dll+0x5af28]


---------------  P R O C E S S  ---------------

Threads class SMR info:
_java_thread_list=0x00000238dc061220, length=34, elements={
0x00000238b86b1c60, 0x00000238d490e9e0, 0x00000238d4a0c8f0, 0x00000238d4a3a200,
0x00000238d4a3ae90, 0x00000238d4a3e970, 0x00000238d4a3f330, 0x00000238d4a6d020,
0x00000238d4a6d6e0, 0x00000238d4a6e0e0, 0x00000238d4aeca00, 0x00000238d9094580,
0x00000238d91bd050, 0x00000238d9f6c770, 0x00000238db520100, 0x00000238da951110,
0x00000238dbabc900, 0x00000238da71d8b0, 0x00000238da71dd90, 0x00000238da444860,
0x00000238da444d70, 0x00000238da445280, 0x00000238da442f10, 0x00000238da443420,
0x00000238da445ca0, 0x00000238da4461b0, 0x00000238da443930, 0x00000238da443e40,
0x00000238da445790, 0x00000238da444350, 0x00000238ddc9d460, 0x00000238ddc9c530,
0x00000238ddc997a0, 0x00000238ddc99cb0
}

Java Threads: ( => current thread )
  0x00000238b86b1c60 JavaThread "main" [_thread_blocked, id=13368, stack(0x000000d829700000,0x000000d829800000)]
  0x00000238d490e9e0 JavaThread "Reference Handler" daemon [_thread_blocked, id=8252, stack(0x000000d829e00000,0x000000d829f00000)]
  0x00000238d4a0c8f0 JavaThread "Finalizer" daemon [_thread_blocked, id=656, stack(0x000000d829f00000,0x000000d82a000000)]
  0x00000238d4a3a200 JavaThread "Signal Dispatcher" daemon [_thread_blocked, id=13132, stack(0x000000d82a000000,0x000000d82a100000)]
  0x00000238d4a3ae90 JavaThread "Attach Listener" daemon [_thread_blocked, id=4736, stack(0x000000d82a100000,0x000000d82a200000)]
  0x00000238d4a3e970 JavaThread "Service Thread" daemon [_thread_blocked, id=16840, stack(0x000000d82a200000,0x000000d82a300000)]
  0x00000238d4a3f330 JavaThread "Monitor Deflation Thread" daemon [_thread_blocked, id=1560, stack(0x000000d82a300000,0x000000d82a400000)]
  0x00000238d4a6d020 JavaThread "C2 CompilerThread0" daemon [_thread_in_native, id=13008, stack(0x000000d82a400000,0x000000d82a500000)]
  0x00000238d4a6d6e0 JavaThread "C1 CompilerThread0" daemon [_thread_blocked, id=7516, stack(0x000000d82a500000,0x000000d82a600000)]
  0x00000238d4a6e0e0 JavaThread "Sweeper thread" daemon [_thread_blocked, id=15092, stack(0x000000d82a600000,0x000000d82a700000)]
  0x00000238d4aeca00 JavaThread "Common-Cleaner" daemon [_thread_blocked, id=13252, stack(0x000000d82a700000,0x000000d82a800000)]
  0x00000238d9094580 JavaThread "Notification Thread" daemon [_thread_blocked, id=2008, stack(0x000000d82a800000,0x000000d82a900000)]
=>0x00000238d91bd050 JavaThread "C2 CompilerThread1" daemon [_thread_in_native, id=6288, stack(0x000000d82aa00000,0x000000d82ab00000)]
  0x00000238d9f6c770 JavaThread "C2 CompilerThread2" daemon [_thread_in_native, id=2960, stack(0x000000d82ab00000,0x000000d82ac00000)]
  0x00000238db520100 JavaThread "Daemon health stats" [_thread_blocked, id=2052, stack(0x000000d82b500000,0x000000d82b600000)]
  0x00000238da951110 JavaThread "Incoming local TCP Connector on port 59614" [_thread_in_native, id=8988, stack(0x000000d82b600000,0x000000d82b700000)]
  0x00000238dbabc900 JavaThread "Daemon periodic checks" [_thread_blocked, id=10412, stack(0x000000d82b700000,0x000000d82b800000)]
  0x00000238da71d8b0 JavaThread "Daemon" [_thread_blocked, id=5804, stack(0x000000d82b800000,0x000000d82b900000)]
  0x00000238da71dd90 JavaThread "Handler for socket connection from /127.0.0.1:59614 to /127.0.0.1:59615" [_thread_in_native, id=6704, stack(0x000000d82b900000,0x000000d82ba00000)]
  0x00000238da444860 JavaThread "Cancel handler" [_thread_blocked, id=17260, stack(0x000000d82ba00000,0x000000d82bb00000)]
  0x00000238da444d70 JavaThread "Daemon worker" [_thread_in_Java, id=2076, stack(0x000000d82bb00000,0x000000d82bc00000)]
  0x00000238da445280 JavaThread "Asynchronous log dispatcher for DefaultDaemonConnection: socket connection from /127.0.0.1:59614 to /127.0.0.1:59615" [_thread_blocked, id=12612, stack(0x000000d82bc00000,0x000000d82bd00000)]
  0x00000238da442f10 JavaThread "Stdin handler" [_thread_blocked, id=16440, stack(0x000000d82bd00000,0x000000d82be00000)]
  0x00000238da443420 JavaThread "Daemon client event forwarder" [_thread_blocked, id=11632, stack(0x000000d82be00000,0x000000d82bf00000)]
  0x00000238da445ca0 JavaThread "Cache worker for journal cache (C:\Users\alexa\.gradle\caches\journal-1)" [_thread_blocked, id=16480, stack(0x000000d82c100000,0x000000d82c200000)]
  0x00000238da4461b0 JavaThread "File lock request listener" [_thread_in_native, id=12948, stack(0x000000d82c200000,0x000000d82c300000)]
  0x00000238da443930 JavaThread "Cache worker for file hash cache (C:\Users\alexa\.gradle\caches\8.7\fileHashes)" [_thread_blocked, id=16376, stack(0x000000d82c300000,0x000000d82c400000)]
  0x00000238da443e40 JavaThread "Cache worker for file hash cache (C:\Users\alexa\AndroidStudioProjects\Lexa\.gradle\8.7\fileHashes)" [_thread_blocked, id=17168, stack(0x000000d82c400000,0x000000d82c500000)]
  0x00000238da445790 JavaThread "File watcher server" daemon [_thread_in_native, id=10004, stack(0x000000d82c500000,0x000000d82c600000)]
  0x00000238da444350 JavaThread "File watcher consumer" daemon [_thread_blocked, id=15876, stack(0x000000d82c600000,0x000000d82c700000)]
  0x00000238ddc9d460 JavaThread "Cache worker for checksums cache (C:\Users\alexa\AndroidStudioProjects\Lexa\.gradle\8.7\checksums)" [_thread_blocked, id=14720, stack(0x000000d82c700000,0x000000d82c800000)]
  0x00000238ddc9c530 JavaThread "Cache worker for cache directory md-supplier (C:\Users\alexa\.gradle\caches\8.7\md-supplier)" [_thread_blocked, id=14328, stack(0x000000d82c800000,0x000000d82c900000)]
  0x00000238ddc997a0 JavaThread "Cache worker for cache directory md-rule (C:\Users\alexa\.gradle\caches\8.7\md-rule)" [_thread_blocked, id=12756, stack(0x000000d82c900000,0x000000d82ca00000)]
  0x00000238ddc99cb0 JavaThread "Cache worker for file content cache (C:\Users\alexa\.gradle\caches\8.7\fileContent)" [_thread_blocked, id=12812, stack(0x000000d82ca00000,0x000000d82cb00000)]

Other Threads:
  0x00000238d48d5090 VMThread "VM Thread" [stack: 0x000000d829d00000,0x000000d829e00000] [id=16744]
  0x00000238d9027ba0 WatcherThread [stack: 0x000000d82a900000,0x000000d82aa00000] [id=15264]
  0x00000238b850ec80 GCTaskThread "GC Thread#0" [stack: 0x000000d829800000,0x000000d829900000] [id=15728]
  0x00000238d99c2d40 GCTaskThread "GC Thread#1" [stack: 0x000000d82ac00000,0x000000d82ad00000] [id=12444]
  0x00000238d99c3000 GCTaskThread "GC Thread#2" [stack: 0x000000d82ad00000,0x000000d82ae00000] [id=15688]
  0x00000238d92bb060 GCTaskThread "GC Thread#3" [stack: 0x000000d82ae00000,0x000000d82af00000] [id=16236]
  0x00000238d92bb320 GCTaskThread "GC Thread#4" [stack: 0x000000d82af00000,0x000000d82b000000] [id=14616]
  0x00000238da2c67a0 GCTaskThread "GC Thread#5" [stack: 0x000000d82b000000,0x000000d82b100000] [id=10372]
  0x00000238da2c6a60 GCTaskThread "GC Thread#6" [stack: 0x000000d82b100000,0x000000d82b200000] [id=7372]
  0x00000238d9b67860 GCTaskThread "GC Thread#7" [stack: 0x000000d82b200000,0x000000d82b300000] [id=16776]
  0x00000238d9b67b20 GCTaskThread "GC Thread#8" [stack: 0x000000d82b300000,0x000000d82b400000] [id=12112]
  0x00000238d9b67de0 GCTaskThread "GC Thread#9" [stack: 0x000000d82b400000,0x000000d82b500000] [id=11032]
  0x00000238b871c320 ConcurrentGCThread "G1 Main Marker" [stack: 0x000000d829900000,0x000000d829a00000] [id=16072]
  0x00000238b871d4e0 ConcurrentGCThread "G1 Conc#0" [stack: 0x000000d829a00000,0x000000d829b00000] [id=5828]
  0x00000238db166ce0 ConcurrentGCThread "G1 Conc#1" [stack: 0x000000d82bf00000,0x000000d82c000000] [id=9364]
  0x00000238da336270 ConcurrentGCThread "G1 Conc#2" [stack: 0x000000d82c000000,0x000000d82c100000] [id=1724]
  0x00000238b875ea50 ConcurrentGCThread "G1 Refine#0" [stack: 0x000000d829b00000,0x000000d829c00000] [id=12692]
  0x00000238d485c840 ConcurrentGCThread "G1 Service" [stack: 0x000000d829c00000,0x000000d829d00000] [id=15716]

Threads with active compile tasks:
C2 CompilerThread0     1731 2965 %     4       jdk.internal.loader.URLClassPath::getResource @ 39 (74 bytes)
C1 CompilerThread0     1731 3140       3       org.codehaus.groovy.runtime.metaclass.MethodHelper::isStatic (19 bytes)
C2 CompilerThread1     1731 2966  s!   4       jdk.internal.loader.URLClassPath::getLoader (194 bytes)
C2 CompilerThread2     1732 3125       4       java.util.HashSet::iterator (13 bytes)

VM state: not at safepoint (normal execution)

VM Mutex/Monitor currently owned by a thread: None

Heap address: 0x0000000080000000, size: 2048 MB, Compressed Oops mode: 32-bit

CDS archive(s) not mapped
Compressed class space mapped at: 0x0000000100000000-0x0000000140000000, reserved size: 1073741824
Narrow klass base: 0x0000000000000000, Narrow klass shift: 3, Narrow klass range: 0x140000000

GC Precious Log:
 CPUs: 12 total, 12 available
 Memory: 32627M
 Large Page Support: Disabled
 NUMA Support: Disabled
 Compressed Oops: Enabled (32-bit)
 Heap Region Size: 1M
 Heap Min Capacity: 8M
 Heap Initial Capacity: 510M
 Heap Max Capacity: 2G
 Pre-touch: Disabled
 Parallel Workers: 10
 Concurrent Workers: 3
 Concurrent Refinement Workers: 10
 Periodic GC: Disabled

Heap:
 garbage-first heap   total 71680K, used 36294K [0x0000000080000000, 0x0000000100000000)
  region size 1024K, 16 young (16384K), 2 survivors (2048K)
 Metaspace       used 39414K, committed 39744K, reserved 1114112K
  class space    used 5268K, committed 5440K, reserved 1048576K

Heap Regions: E=young(eden), S=young(survivor), O=old, HS=humongous(starts), HC=humongous(continues), CS=collection set, F=free, OA=open archive, CA=closed archive, TAMS=top-at-mark-start (previous, next)
|   0|0x0000000080000000, 0x0000000080100000, 0x0000000080100000|100%|HS|  |TAMS 0x0000000080100000, 0x0000000080000000| Complete 
|   1|0x0000000080100000, 0x0000000080200000, 0x0000000080200000|100%|HC|  |TAMS 0x0000000080200000, 0x0000000080100000| Complete 
|   2|0x0000000080200000, 0x0000000080300000, 0x0000000080300000|100%|HC|  |TAMS 0x0000000080300000, 0x0000000080200000| Complete 
|   3|0x0000000080300000, 0x0000000080400000, 0x0000000080400000|100%|HC|  |TAMS 0x0000000080400000, 0x0000000080300000| Complete 
|   4|0x0000000080400000, 0x0000000080500000, 0x0000000080500000|100%| O|  |TAMS 0x0000000080500000, 0x0000000080400000| Untracked 
|   5|0x0000000080500000, 0x0000000080600000, 0x0000000080600000|100%| O|  |TAMS 0x0000000080600000, 0x0000000080500000| Untracked 
|   6|0x0000000080600000, 0x0000000080700000, 0x0000000080700000|100%| O|  |TAMS 0x0000000080700000, 0x0000000080600000| Untracked 
|   7|0x0000000080700000, 0x0000000080800000, 0x0000000080800000|100%| O|  |TAMS 0x0000000080800000, 0x0000000080700000| Untracked 
|   8|0x0000000080800000, 0x0000000080900000, 0x0000000080900000|100%| O|  |TAMS 0x0000000080900000, 0x0000000080800000| Untracked 
|   9|0x0000000080900000, 0x0000000080a00000, 0x0000000080a00000|100%| O|  |TAMS 0x0000000080a00000, 0x0000000080900000| Untracked 
|  10|0x0000000080a00000, 0x0000000080ae6600, 0x0000000080b00000| 89%| O|  |TAMS 0x0000000080a00000, 0x0000000080a00000| Untracked 
|  11|0x0000000080b00000, 0x0000000080c00000, 0x0000000080c00000|100%| O|  |TAMS 0x0000000080c00000, 0x0000000080b00000| Untracked 
|  12|0x0000000080c00000, 0x0000000080d00000, 0x0000000080d00000|100%| O|  |TAMS 0x0000000080d00000, 0x0000000080c00000| Untracked 
|  13|0x0000000080d00000, 0x0000000080e00000, 0x0000000080e00000|100%| O|  |TAMS 0x0000000080e00000, 0x0000000080d00000| Untracked 
|  14|0x0000000080e00000, 0x0000000080f00000, 0x0000000080f00000|100%| O|  |TAMS 0x0000000080f00000, 0x0000000080e00000| Untracked 
|  15|0x0000000080f00000, 0x0000000081000000, 0x0000000081000000|100%| O|  |TAMS 0x0000000081000000, 0x0000000080f00000| Untracked 
|  16|0x0000000081000000, 0x0000000081100000, 0x0000000081100000|100%| O|  |TAMS 0x0000000081100000, 0x0000000081000000| Untracked 
|  17|0x0000000081100000, 0x0000000081200000, 0x0000000081200000|100%| O|  |TAMS 0x0000000081200000, 0x0000000081100000| Untracked 
|  18|0x0000000081200000, 0x0000000081300000, 0x0000000081300000|100%| O|  |TAMS 0x0000000081300000, 0x0000000081200000| Untracked 
|  19|0x0000000081300000, 0x0000000081400000, 0x0000000081400000|100%| O|  |TAMS 0x0000000081400000, 0x0000000081300000| Untracked 
|  20|0x0000000081400000, 0x0000000081400000, 0x0000000081500000|  0%| F|  |TAMS 0x0000000081400000, 0x0000000081400000| Untracked 
|  21|0x0000000081500000, 0x0000000081500000, 0x0000000081600000|  0%| F|  |TAMS 0x0000000081500000, 0x0000000081500000| Untracked 
|  22|0x0000000081600000, 0x0000000081600000, 0x0000000081700000|  0%| F|  |TAMS 0x0000000081600000, 0x0000000081600000| Untracked 
|  23|0x0000000081700000, 0x0000000081800000, 0x0000000081800000|100%| O|  |TAMS 0x0000000081800000, 0x0000000081700000| Untracked 
|  24|0x0000000081800000, 0x0000000081900000, 0x0000000081900000|100%| O|  |TAMS 0x000000008184d400, 0x0000000081800000| Complete 
|  25|0x0000000081900000, 0x0000000081900000, 0x0000000081a00000|  0%| F|  |TAMS 0x0000000081900000, 0x0000000081900000| Untracked 
|  26|0x0000000081a00000, 0x0000000081a00000, 0x0000000081b00000|  0%| F|  |TAMS 0x0000000081a00000, 0x0000000081a00000| Untracked 
|  27|0x0000000081b00000, 0x0000000081b00000, 0x0000000081c00000|  0%| F|  |TAMS 0x0000000081b00000, 0x0000000081b00000| Untracked 
|  28|0x0000000081c00000, 0x0000000081c00000, 0x0000000081d00000|  0%| F|  |TAMS 0x0000000081c00000, 0x0000000081c00000| Untracked 
|  29|0x0000000081d00000, 0x0000000081d00000, 0x0000000081e00000|  0%| F|  |TAMS 0x0000000081d00000, 0x0000000081d00000| Untracked 
|  30|0x0000000081e00000, 0x0000000081e00000, 0x0000000081f00000|  0%| F|  |TAMS 0x0000000081e00000, 0x0000000081e00000| Untracked 
|  31|0x0000000081f00000, 0x0000000081f00000, 0x0000000082000000|  0%| F|  |TAMS 0x0000000081f00000, 0x0000000081f00000| Untracked 
|  32|0x0000000082000000, 0x0000000082000000, 0x0000000082100000|  0%| F|  |TAMS 0x0000000082000000, 0x0000000082000000| Untracked 
|  33|0x0000000082100000, 0x0000000082100000, 0x0000000082200000|  0%| F|  |TAMS 0x0000000082100000, 0x0000000082100000| Untracked 
|  34|0x0000000082200000, 0x0000000082200000, 0x0000000082300000|  0%| F|  |TAMS 0x0000000082200000, 0x0000000082200000| Untracked 
|  35|0x0000000082300000, 0x0000000082300000, 0x0000000082400000|  0%| F|  |TAMS 0x0000000082300000, 0x0000000082300000| Untracked 
|  36|0x0000000082400000, 0x0000000082400000, 0x0000000082500000|  0%| F|  |TAMS 0x0000000082400000, 0x0000000082400000| Untracked 
|  37|0x0000000082500000, 0x0000000082500000, 0x0000000082600000|  0%| F|  |TAMS 0x0000000082500000, 0x0000000082500000| Untracked 
|  38|0x0000000082600000, 0x0000000082600000, 0x0000000082700000|  0%| F|  |TAMS 0x0000000082600000, 0x0000000082600000| Untracked 
|  39|0x0000000082700000, 0x0000000082700000, 0x0000000082800000|  0%| F|  |TAMS 0x0000000082700000, 0x0000000082700000| Untracked 
|  40|0x0000000082800000, 0x0000000082800000, 0x0000000082900000|  0%| F|  |TAMS 0x0000000082800000, 0x0000000082800000| Untracked 
|  41|0x0000000082900000, 0x0000000082900000, 0x0000000082a00000|  0%| F|  |TAMS 0x0000000082900000, 0x0000000082900000| Untracked 
|  42|0x0000000082a00000, 0x0000000082a00000, 0x0000000082b00000|  0%| F|  |TAMS 0x0000000082a00000, 0x0000000082a00000| Untracked 
|  43|0x0000000082b00000, 0x0000000082b00000, 0x0000000082c00000|  0%| F|  |TAMS 0x0000000082b00000, 0x0000000082b00000| Untracked 
|  44|0x0000000082c00000, 0x0000000082c00000, 0x0000000082d00000|  0%| F|  |TAMS 0x0000000082c00000, 0x0000000082c00000| Untracked 
|  45|0x0000000082d00000, 0x0000000082d00000, 0x0000000082e00000|  0%| F|  |TAMS 0x0000000082d00000, 0x0000000082d00000| Untracked 
|  46|0x0000000082e00000, 0x0000000082e00000, 0x0000000082f00000|  0%| F|  |TAMS 0x0000000082e00000, 0x0000000082e00000| Untracked 
|  47|0x0000000082f00000, 0x0000000082f00000, 0x0000000083000000|  0%| F|  |TAMS 0x0000000082f00000, 0x0000000082f00000| Untracked 
|  48|0x0000000083000000, 0x0000000083000000, 0x0000000083100000|  0%| F|  |TAMS 0x0000000083000000, 0x0000000083000000| Untracked 
|  49|0x0000000083100000, 0x0000000083100000, 0x0000000083200000|  0%| F|  |TAMS 0x0000000083100000, 0x0000000083100000| Untracked 
|  50|0x0000000083200000, 0x0000000083200000, 0x0000000083300000|  0%| F|  |TAMS 0x0000000083200000, 0x0000000083200000| Untracked 
|  51|0x0000000083300000, 0x0000000083300000, 0x0000000083400000|  0%| F|  |TAMS 0x0000000083300000, 0x0000000083300000| Untracked 
|  52|0x0000000083400000, 0x0000000083400000, 0x0000000083500000|  0%| F|  |TAMS 0x0000000083400000, 0x0000000083400000| Untracked 
|  53|0x0000000083500000, 0x0000000083500000, 0x0000000083600000|  0%| F|  |TAMS 0x0000000083500000, 0x0000000083500000| Untracked 
|  54|0x0000000083600000, 0x0000000083700000, 0x0000000083700000|100%| E|  |TAMS 0x0000000083600000, 0x0000000083600000| Complete 
|  55|0x0000000083700000, 0x0000000083800000, 0x0000000083800000|100%| E|  |TAMS 0x0000000083700000, 0x0000000083700000| Complete 
|  56|0x0000000083800000, 0x0000000083900000, 0x0000000083900000|100%| E|CS|TAMS 0x0000000083800000, 0x0000000083800000| Complete 
|  57|0x0000000083900000, 0x0000000083a00000, 0x0000000083a00000|100%| E|CS|TAMS 0x0000000083900000, 0x0000000083900000| Complete 
|  58|0x0000000083a00000, 0x0000000083b00000, 0x0000000083b00000|100%| E|CS|TAMS 0x0000000083a00000, 0x0000000083a00000| Complete 
|  59|0x0000000083b00000, 0x0000000083c00000, 0x0000000083c00000|100%| E|CS|TAMS 0x0000000083b00000, 0x0000000083b00000| Complete 
| 454|0x000000009c600000, 0x000000009c700000, 0x000000009c700000|100%| E|CS|TAMS 0x000000009c600000, 0x000000009c600000| Complete 
| 455|0x000000009c700000, 0x000000009c800000, 0x000000009c800000|100%| E|CS|TAMS 0x000000009c700000, 0x000000009c700000| Complete 
| 456|0x000000009c800000, 0x000000009c900000, 0x000000009c900000|100%| E|CS|TAMS 0x000000009c800000, 0x000000009c800000| Complete 
| 457|0x000000009c900000, 0x000000009ca00000, 0x000000009ca00000|100%| E|CS|TAMS 0x000000009c900000, 0x000000009c900000| Complete 
| 458|0x000000009ca00000, 0x000000009ca8b4e0, 0x000000009cb00000| 54%| S|CS|TAMS 0x000000009ca00000, 0x000000009ca00000| Complete 
| 459|0x000000009cb00000, 0x000000009cc00000, 0x000000009cc00000|100%| S|CS|TAMS 0x000000009cb00000, 0x000000009cb00000| Complete 
| 460|0x000000009cc00000, 0x000000009cd00000, 0x000000009cd00000|100%| E|CS|TAMS 0x000000009cc00000, 0x000000009cc00000| Complete 
| 461|0x000000009cd00000, 0x000000009ce00000, 0x000000009ce00000|100%| E|CS|TAMS 0x000000009cd00000, 0x000000009cd00000| Complete 
| 462|0x000000009ce00000, 0x000000009cf00000, 0x000000009cf00000|100%| E|CS|TAMS 0x000000009ce00000, 0x000000009ce00000| Complete 
| 509|0x000000009fd00000, 0x000000009fe00000, 0x000000009fe00000|100%| E|CS|TAMS 0x000000009fd00000, 0x000000009fd00000| Complete 

Card table byte_map: [0x00000238cd3e0000,0x00000238cd7e0000] _byte_map_base: 0x00000238ccfe0000

Marking Bits (Prev, Next): (CMBitMap*) 0x00000238b87099e0, (CMBitMap*) 0x00000238b8709a20
 Prev Bits: [0x00000238cdbe0000, 0x00000238cfbe0000)
 Next Bits: [0x00000238cfbe0000, 0x00000238d1be0000)

Polling page: 0x00000238b8760000

Metaspace:

Usage:
  Non-class:     33.37 MB used.
      Class:      5.15 MB used.
       Both:     38.52 MB used.

Virtual space:
  Non-class space:       64.00 MB reserved,      33.56 MB ( 52%) committed,  1 nodes.
      Class space:        1.00 GB reserved,       5.31 MB ( <1%) committed,  1 nodes.
             Both:        1.06 GB reserved,      38.88 MB (  4%) committed. 

Chunk freelists:
   Non-Class:  14.27 MB
       Class:  10.53 MB
        Both:  24.80 MB

MaxMetaspaceSize: unlimited
CompressedClassSpaceSize: 1.00 GB
Initial GC threshold: 21.00 MB
Current GC threshold: 58.88 MB
CDS: off
MetaspaceReclaimPolicy: balanced
 - commit_granule_bytes: 65536.
 - commit_granule_words: 8192.
 - virtual_space_node_default_size: 8388608.
 - enlarge_chunks_in_place: 1.
 - new_chunks_are_fully_committed: 0.
 - uncommit_free_chunks: 1.
 - use_allocation_guard: 0.
 - handle_deallocations: 1.


Internal statistics:

num_allocs_failed_limit: 6.
num_arena_births: 298.
num_arena_deaths: 0.
num_vsnodes_births: 2.
num_vsnodes_deaths: 0.
num_space_committed: 622.
num_space_uncommitted: 0.
num_chunks_returned_to_freelist: 6.
num_chunks_taken_from_freelist: 1414.
num_chunk_merges: 6.
num_chunk_splits: 931.
num_chunks_enlarged: 646.
num_inconsistent_stats: 0.

CodeHeap 'non-profiled nmethods': size=120000Kb used=1927Kb max_used=1927Kb free=118072Kb
 bounds [0x00000238c4e20000, 0x00000238c5090000, 0x00000238cc350000]
CodeHeap 'profiled nmethods': size=120000Kb used=6426Kb max_used=6426Kb free=113573Kb
 bounds [0x00000238bd350000, 0x00000238bd9a0000, 0x00000238c4880000]
CodeHeap 'non-nmethods': size=5760Kb used=1251Kb max_used=1296Kb free=4508Kb
 bounds [0x00000238c4880000, 0x00000238c4af0000, 0x00000238c4e20000]
 total_blobs=3699 nmethods=3136 adapters=474
 compilation: enabled
              stopped_count=0, restarted_count=0
 full_count=0

Compilation events (20 events):
Event: 1.708 Thread 0x00000238d4a6d6e0 3114       3       java.util.regex.Pattern$BitClass::is (22 bytes)
Event: 1.708 Thread 0x00000238d4a6d6e0 nmethod 3114 0x00000238bd98de10 code [0x00000238bd98dfa0, 0x00000238bd98e178]
Event: 1.708 Thread 0x00000238d4a6d6e0 3112       3       org.codehaus.groovy.runtime.metaclass.NewMetaMethod::<init> (56 bytes)
Event: 1.708 Thread 0x00000238d4a6d6e0 nmethod 3112 0x00000238bd98e290 code [0x00000238bd98e4c0, 0x00000238bd98ee38]
Event: 1.708 Thread 0x00000238d4a6d6e0 3113       3       org.codehaus.groovy.runtime.metaclass.ReflectionMetaMethod::<init> (18 bytes)
Event: 1.708 Thread 0x00000238d4a6d6e0 nmethod 3113 0x00000238bd98f190 code [0x00000238bd98f360, 0x00000238bd98f8c8]
Event: 1.709 Thread 0x00000238d9f6c770 nmethod 3094 0x00000238c4fff190 code [0x00000238c4fff320, 0x00000238c4fff888]
Event: 1.709 Thread 0x00000238d9f6c770 3084       4       java.security.AccessController::checkContext (49 bytes)
Event: 1.710 Thread 0x00000238d9f6c770 nmethod 3084 0x00000238c4fff990 code [0x00000238c4fffb00, 0x00000238c4fffb98]
Event: 1.710 Thread 0x00000238d4a6d6e0 3115       3       jdk.internal.jimage.ImageBufferCache::getCapacity (21 bytes)
Event: 1.710 Thread 0x00000238d4a6d6e0 nmethod 3115 0x00000238bd98fb10 code [0x00000238bd98fcc0, 0x00000238bd98ffc8]
Event: 1.710 Thread 0x00000238d4a6d6e0 3117       3       java.lang.PublicMethods::toArray (76 bytes)
Event: 1.710 Thread 0x00000238d9f6c770 3118       4       java.lang.reflect.Method::copy (84 bytes)
Event: 1.711 Thread 0x00000238d4a6d6e0 nmethod 3117 0x00000238bd990110 code [0x00000238bd990320, 0x00000238bd990bb8]
Event: 1.711 Thread 0x00000238d4a6d6e0 3116       1       jdk.internal.jimage.decompressor.CompressedResourceHeader::getSize (3 bytes)
Event: 1.711 Thread 0x00000238d4a6d6e0 nmethod 3116 0x00000238c4fffc90 code [0x00000238c4fffe20, 0x00000238c4fffed8]
Event: 1.712 Thread 0x00000238d9f6c770 nmethod 3118 0x00000238c4ffff90 code [0x00000238c5000120, 0x00000238c5000418]
Event: 1.712 Thread 0x00000238d9f6c770 3119       4       java.lang.reflect.Method::getAnnotation (6 bytes)
Event: 1.714 Thread 0x00000238d9f6c770 nmethod 3119 0x00000238c5000510 code [0x00000238c50006c0, 0x00000238c5000a18]
Event: 1.718 Thread 0x00000238d4a6d6e0 3120       3       org.codehaus.groovy.vmplugin.v9.Java9::checkCanSetAccessible (137 bytes)

GC Heap History (16 events):
Event: 0.372 GC heap before
{Heap before GC invocations=0 (full 0):
 garbage-first heap   total 522240K, used 28672K [0x0000000080000000, 0x0000000100000000)
  region size 1024K, 25 young (25600K), 0 survivors (0K)
 Metaspace       used 10593K, committed 10752K, reserved 1114112K
  class space    used 1099K, committed 1152K, reserved 1048576K
}
Event: 0.374 GC heap after
{Heap after GC invocations=1 (full 0):
 garbage-first heap   total 522240K, used 11016K [0x0000000080000000, 0x0000000100000000)
  region size 1024K, 4 young (4096K), 4 survivors (4096K)
 Metaspace       used 10593K, committed 10752K, reserved 1114112K
  class space    used 1099K, committed 1152K, reserved 1048576K
}
Event: 0.575 GC heap before
{Heap before GC invocations=1 (full 0):
 garbage-first heap   total 522240K, used 40712K [0x0000000080000000, 0x0000000100000000)
  region size 1024K, 33 young (33792K), 4 survivors (4096K)
 Metaspace       used 11473K, committed 11648K, reserved 1114112K
  class space    used 1198K, committed 1280K, reserved 1048576K
}
Event: 0.577 GC heap after
{Heap after GC invocations=2 (full 0):
 garbage-first heap   total 522240K, used 11327K [0x0000000080000000, 0x0000000100000000)
  region size 1024K, 1 young (1024K), 1 survivors (1024K)
 Metaspace       used 11473K, committed 11648K, reserved 1114112K
  class space    used 1198K, committed 1280K, reserved 1048576K
}
Event: 0.952 GC heap before
{Heap before GC invocations=2 (full 0):
 garbage-first heap   total 522240K, used 58431K [0x0000000080000000, 0x0000000100000000)
  region size 1024K, 47 young (48128K), 1 survivors (1024K)
 Metaspace       used 21281K, committed 21504K, reserved 1114112K
  class space    used 2498K, committed 2624K, reserved 1048576K
}
Event: 0.956 GC heap after
{Heap after GC invocations=3 (full 0):
 garbage-first heap   total 522240K, used 18993K [0x0000000080000000, 0x0000000100000000)
  region size 1024K, 9 young (9216K), 9 survivors (9216K)
 Metaspace       used 21281K, committed 21504K, reserved 1114112K
  class space    used 2498K, committed 2624K, reserved 1048576K
}
Event: 1.229 GC heap before
{Heap before GC invocations=4 (full 0):
 garbage-first heap   total 71680K, used 55857K [0x0000000080000000, 0x0000000100000000)
  region size 1024K, 47 young (48128K), 9 survivors (9216K)
 Metaspace       used 27264K, committed 27520K, reserved 1114112K
  class space    used 3519K, committed 3648K, reserved 1048576K
}
Event: 1.234 GC heap after
{Heap after GC invocations=5 (full 0):
 garbage-first heap   total 71680K, used 20793K [0x0000000080000000, 0x0000000100000000)
  region size 1024K, 3 young (3072K), 3 survivors (3072K)
 Metaspace       used 27264K, committed 27520K, reserved 1114112K
  class space    used 3519K, committed 3648K, reserved 1048576K
}
Event: 1.239 GC heap before
{Heap before GC invocations=5 (full 0):
 garbage-first heap   total 71680K, used 21817K [0x0000000080000000, 0x0000000100000000)
  region size 1024K, 4 young (4096K), 3 survivors (3072K)
 Metaspace       used 27349K, committed 27584K, reserved 1114112K
  class space    used 3538K, committed 3648K, reserved 1048576K
}
Event: 1.241 GC heap after
{Heap after GC invocations=6 (full 0):
 garbage-first heap   total 71680K, used 21083K [0x0000000080000000, 0x0000000100000000)
  region size 1024K, 1 young (1024K), 1 survivors (1024K)
 Metaspace       used 27349K, committed 27584K, reserved 1114112K
  class space    used 3538K, committed 3648K, reserved 1048576K
}
Event: 1.431 GC heap before
{Heap before GC invocations=6 (full 0):
 garbage-first heap   total 71680K, used 49755K [0x0000000080000000, 0x0000000100000000)
  region size 1024K, 30 young (30720K), 1 survivors (1024K)
 Metaspace       used 31376K, committed 31744K, reserved 1114112K
  class space    used 4187K, committed 4352K, reserved 1048576K
}
Event: 1.432 GC heap after
{Heap after GC invocations=7 (full 0):
 garbage-first heap   total 71680K, used 22498K [0x0000000080000000, 0x0000000100000000)
  region size 1024K, 2 young (2048K), 2 survivors (2048K)
 Metaspace       used 31376K, committed 31744K, reserved 1114112K
  class space    used 4187K, committed 4352K, reserved 1048576K
}
Event: 1.609 GC heap before
{Heap before GC invocations=7 (full 0):
 garbage-first heap   total 71680K, used 52194K [0x0000000080000000, 0x0000000100000000)
  region size 1024K, 31 young (31744K), 2 survivors (2048K)
 Metaspace       used 35107K, committed 35520K, reserved 1114112K
  class space    used 4792K, committed 4992K, reserved 1048576K
}
Event: 1.610 GC heap after
{Heap after GC invocations=8 (full 0):
 garbage-first heap   total 71680K, used 23717K [0x0000000080000000, 0x0000000100000000)
  region size 1024K, 3 young (3072K), 3 survivors (3072K)
 Metaspace       used 35107K, committed 35520K, reserved 1114112K
  class space    used 4792K, committed 4992K, reserved 1048576K
}
Event: 1.632 GC heap before
{Heap before GC invocations=8 (full 0):
 garbage-first heap   total 71680K, used 25765K [0x0000000080000000, 0x0000000100000000)
  region size 1024K, 7 young (7168K), 3 survivors (3072K)
 Metaspace       used 35658K, committed 35968K, reserved 1114112K
  class space    used 4864K, committed 5056K, reserved 1048576K
}
Event: 1.633 GC heap after
{Heap after GC invocations=9 (full 0):
 garbage-first heap   total 71680K, used 24006K [0x0000000080000000, 0x0000000100000000)
  region size 1024K, 2 young (2048K), 2 survivors (2048K)
 Metaspace       used 35658K, committed 35968K, reserved 1114112K
  class space    used 4864K, committed 5056K, reserved 1048576K
}

Dll operation events (3 events):
Event: 0.004 Loaded shared library C:\Program Files\Android\Android Studio\jbr\bin\java.dll
Event: 0.085 Loaded shared library C:\Program Files\Android\Android Studio\jbr\bin\zip.dll
Event: 0.246 Loaded shared library C:\Program Files\Android\Android Studio\jbr\bin\verify.dll

Deoptimization events (20 events):
Event: 1.419 Thread 0x00000238da444d70 DEOPT PACKING pc=0x00000238c4ed6bf0 sp=0x000000d82bbfb620
Event: 1.419 Thread 0x00000238da444d70 DEOPT UNPACKING pc=0x00000238c48d69a3 sp=0x000000d82bbfb5d0 mode 2
Event: 1.435 Thread 0x00000238da444d70 DEOPT PACKING pc=0x00000238bd6d6d12 sp=0x000000d82bbfa910
Event: 1.435 Thread 0x00000238da444d70 DEOPT UNPACKING pc=0x00000238c48d7143 sp=0x000000d82bbf9e20 mode 0
Event: 1.598 Thread 0x00000238da444d70 Uncommon trap: trap_request=0xffffffc6 fr.pc=0x00000238c4fbad08 relative=0x00000000000001c8
Event: 1.598 Thread 0x00000238da444d70 Uncommon trap: reason=bimorphic_or_optimized_type_check action=maybe_recompile pc=0x00000238c4fbad08 method=java.util.regex.Pattern$BmpCharProperty.match(Ljava/util/regex/Matcher;ILjava/lang/CharSequence;)Z @ 19 c2
Event: 1.598 Thread 0x00000238da444d70 DEOPT PACKING pc=0x00000238c4fbad08 sp=0x000000d82bbf87c0
Event: 1.598 Thread 0x00000238da444d70 DEOPT UNPACKING pc=0x00000238c48d69a3 sp=0x000000d82bbf8758 mode 2
Event: 1.598 Thread 0x00000238da444d70 Uncommon trap: trap_request=0xffffffc6 fr.pc=0x00000238c4fbad08 relative=0x00000000000001c8
Event: 1.598 Thread 0x00000238da444d70 Uncommon trap: reason=bimorphic_or_optimized_type_check action=maybe_recompile pc=0x00000238c4fbad08 method=java.util.regex.Pattern$BmpCharProperty.match(Ljava/util/regex/Matcher;ILjava/lang/CharSequence;)Z @ 19 c2
Event: 1.598 Thread 0x00000238da444d70 DEOPT PACKING pc=0x00000238c4fbad08 sp=0x000000d82bbf87c0
Event: 1.598 Thread 0x00000238da444d70 DEOPT UNPACKING pc=0x00000238c48d69a3 sp=0x000000d82bbf8758 mode 2
Event: 1.693 Thread 0x00000238da444d70 Uncommon trap: trap_request=0xffffffc6 fr.pc=0x00000238c4fbad08 relative=0x00000000000001c8
Event: 1.693 Thread 0x00000238da444d70 Uncommon trap: reason=bimorphic_or_optimized_type_check action=maybe_recompile pc=0x00000238c4fbad08 method=java.util.regex.Pattern$BmpCharProperty.match(Ljava/util/regex/Matcher;ILjava/lang/CharSequence;)Z @ 19 c2
Event: 1.693 Thread 0x00000238da444d70 DEOPT PACKING pc=0x00000238c4fbad08 sp=0x000000d82bbf8e00
Event: 1.693 Thread 0x00000238da444d70 DEOPT UNPACKING pc=0x00000238c48d69a3 sp=0x000000d82bbf8d98 mode 2
Event: 1.693 Thread 0x00000238da444d70 Uncommon trap: trap_request=0xffffffc6 fr.pc=0x00000238c4fbad08 relative=0x00000000000001c8
Event: 1.693 Thread 0x00000238da444d70 Uncommon trap: reason=bimorphic_or_optimized_type_check action=maybe_recompile pc=0x00000238c4fbad08 method=java.util.regex.Pattern$BmpCharProperty.match(Ljava/util/regex/Matcher;ILjava/lang/CharSequence;)Z @ 19 c2
Event: 1.693 Thread 0x00000238da444d70 DEOPT PACKING pc=0x00000238c4fbad08 sp=0x000000d82bbf8e00
Event: 1.693 Thread 0x00000238da444d70 DEOPT UNPACKING pc=0x00000238c48d69a3 sp=0x000000d82bbf8d98 mode 2

Classes unloaded (0 events):
No events

Classes redefined (0 events):
No events

Internal exceptions (20 events):
Event: 1.281 Thread 0x00000238da444d70 Exception <a 'java/lang/NoSuchMethodError'{0x000000009c8bc6f8}: 'java.lang.Object java.lang.invoke.Invokers$Holder.linkToTargetMethod(java.lang.Object, java.lang.Object, java.lang.Object, java.lang.Object, java.lang.Object, java.lang.Object, java.lang.Object)'> (0x000000009c8bc6f8) 
thrown [s\src\hotspot\share\interpreter\linkResolver.cpp, line 771]
Event: 1.346 Thread 0x00000238da444d70 Exception <a 'java/lang/NoSuchMethodError'{0x0000000083493528}: 'java.lang.Object java.lang.invoke.DirectMethodHandle$Holder.invokeStaticInit(java.lang.Object, java.lang.Object, java.lang.Object, java.lang.Object)'> (0x0000000083493528) 
thrown [s\src\hotspot\share\interpreter\linkResolver.cpp, line 771]
Event: 1.351 Thread 0x00000238da444d70 Exception <a 'java/lang/NoSuchMethodError'{0x0000000083381958}: 'java.lang.Object java.lang.invoke.DirectMethodHandle$Holder.newInvokeSpecial(java.lang.Object, java.lang.Object, java.lang.Object, java.lang.Object, java.lang.Object, java.lang.Object, java.lang.Object, java.lang.Object)'> (0x0000000083381958) 
thrown [s\src\hotspot\share\interpreter\linkResolver.cpp, line 771]
Event: 1.351 Thread 0x00000238da444d70 Exception <a 'java/lang/NoSuchMethodError'{0x0000000083387360}: 'java.lang.Object java.lang.invoke.DirectMethodHandle$Holder.invokeSpecial(java.lang.Object, java.lang.Object, java.lang.Object, java.lang.Object, java.lang.Object, java.lang.Object, java.lang.Object, java.lang.Object, java.lang.Object)'> (0x0000000083387360) 
thrown [s\src\hotspot\share\interpreter\linkResolver.cpp, line 771]
Event: 1.351 Thread 0x00000238da444d70 Exception <a 'java/lang/NoSuchMethodError'{0x000000008338c710}: 'java.lang.Object java.lang.invoke.Invokers$Holder.linkToTargetMethod(java.lang.Object, java.lang.Object, java.lang.Object, java.lang.Object, java.lang.Object, java.lang.Object, java.lang.Object, java.lang.Object)'> (0x000000008338c710) 
thrown [s\src\hotspot\share\interpreter\linkResolver.cpp, line 771]
Event: 1.353 Thread 0x00000238da444d70 Exception <a 'java/lang/NoSuchMethodError'{0x00000000833d6060}: 'void java.lang.invoke.DirectMethodHandle$Holder.invokeStatic(java.lang.Object, java.lang.Object, java.lang.Object, java.lang.Object)'> (0x00000000833d6060) 
thrown [s\src\hotspot\share\interpreter\linkResolver.cpp, line 771]
Event: 1.409 Thread 0x00000238da444d70 Exception <a 'java/lang/NoSuchMethodError'{0x0000000082b212f0}: 'int java.lang.invoke.DirectMethodHandle$Holder.invokeVirtual(java.lang.Object, java.lang.Object)'> (0x0000000082b212f0) 
thrown [s\src\hotspot\share\interpreter\linkResolver.cpp, line 771]
Event: 1.410 Thread 0x00000238da444d70 Exception <a 'java/lang/NoSuchMethodError'{0x0000000082b33ab0}: 'java.lang.Object java.lang.invoke.DirectMethodHandle$Holder.invokeStaticInit(java.lang.Object, java.lang.Object, java.lang.Object)'> (0x0000000082b33ab0) 
thrown [s\src\hotspot\share\interpreter\linkResolver.cpp, line 771]
Event: 1.460 Thread 0x00000238da444d70 Exception <a 'java/lang/NoSuchMethodError'{0x000000009ca545a8}: 'java.lang.Object java.lang.invoke.DirectMethodHandle$Holder.invokeSpecialIFC(java.lang.Object, java.lang.Object, java.lang.Object, java.lang.Object)'> (0x000000009ca545a8) 
thrown [s\src\hotspot\share\interpreter\linkResolver.cpp, line 771]
Event: 1.463 Thread 0x00000238da444d70 Exception <a 'java/lang/NoSuchMethodError'{0x000000009caf4d08}: 'java.lang.Object java.lang.invoke.DirectMethodHandle$Holder.newInvokeSpecial(java.lang.Object, java.lang.Object, java.lang.Object, java.lang.Object, java.lang.Object, java.lang.Object, java.lang.Object, java.lang.Object, java.lang.Object, java.lang.Object)'> (0x000000009caf4d08) 
thrown [s\src\hotspot\share\interpreter\linkResolver.cpp, line 771]
Event: 1.463 Thread 0x00000238da444d70 Exception <a 'java/lang/NoSuchMethodError'{0x000000009caf9bf0}: 'java.lang.Object java.lang.invoke.Invokers$Holder.linkToTargetMethod(java.lang.Object, java.lang.Object, java.lang.Object, java.lang.Object, java.lang.Object, java.lang.Object, java.lang.Object, java.lang.Object, java.lang.Object, java.lang.Object)'> (0x000000009caf9bf0) 
thrown [s\src\hotspot\share\interpreter\linkResolver.cpp, line 771]
Event: 1.466 Thread 0x00000238da444d70 Exception <a 'java/lang/NoSuchMethodError'{0x000000009c971850}: 'java.lang.Object java.lang.invoke.DirectMethodHandle$Holder.newInvokeSpecial(java.lang.Object, java.lang.Object, java.lang.Object, java.lang.Object, java.lang.Object, java.lang.Object, java.lang.Object, java.lang.Object, java.lang.Object, java.lang.Object, java.lang.Object)'> (0x000000009c971850) 
thrown [s\src\hotspot\share\interpreter\linkResolver.cpp, line 771]
Event: 1.466 Thread 0x00000238da444d70 Exception <a 'java/lang/NoSuchMethodError'{0x000000009c977388}: 'java.lang.Object java.lang.invoke.DirectMethodHandle$Holder.invokeSpecial(java.lang.Object, java.lang.Object, java.lang.Object, java.lang.Object, java.lang.Object, java.lang.Object, java.lang.Object, java.lang.Object, java.lang.Object, java.lang.Object, java.lang.Object, java.lang.Object)'> (0x000000009c977388) 
thrown [s\src\hotspot\share\interpreter\linkResolver.cpp, line 771]
Event: 1.466 Thread 0x00000238da444d70 Exception <a 'java/lang/NoSuchMethodError'{0x000000009c97ca20}: 'java.lang.Object java.lang.invoke.Invokers$Holder.linkToTargetMethod(java.lang.Object, java.lang.Object, java.lang.Object, java.lang.Object, java.lang.Object, java.lang.Object, java.lang.Object, java.lang.Object, java.lang.Object, java.lang.Object, java.lang.Object)'> (0x000000009c97ca20) 
thrown [s\src\hotspot\share\interpreter\linkResolver.cpp, line 771]
Event: 1.515 Thread 0x00000238da444d70 Exception <a 'java/lang/NoSuchMethodError'{0x00000000837d1a08}: 'java.lang.Object java.lang.invoke.DirectMethodHandle$Holder.newInvokeSpecial(java.lang.Object, java.lang.Object, int, int)'> (0x00000000837d1a08) 
thrown [s\src\hotspot\share\interpreter\linkResolver.cpp, line 771]
Event: 1.665 Thread 0x00000238da444d70 Exception <a 'java/lang/NoSuchMethodError'{0x000000009c84aeb8}: 'void java.lang.invoke.DirectMethodHandle$Holder.invokeStaticInit(java.lang.Object, java.lang.Object, java.lang.Object)'> (0x000000009c84aeb8) 
thrown [s\src\hotspot\share\interpreter\linkResolver.cpp, line 771]
Event: 1.665 Thread 0x00000238da444d70 Exception <a 'java/lang/NoSuchMethodError'{0x000000009c852358}: 'void java.lang.invoke.DirectMethodHandle$Holder.invokeStaticInit(java.lang.Object, java.lang.Object, java.lang.Object, java.lang.Object)'> (0x000000009c852358) 
thrown [s\src\hotspot\share\interpreter\linkResolver.cpp, line 771]
Event: 1.666 Thread 0x00000238da444d70 Exception <a 'java/lang/NoSuchMethodError'{0x000000009c874338}: 'void java.lang.invoke.DirectMethodHandle$Holder.invokeStaticInit(java.lang.Object, java.lang.Object, java.lang.Object, java.lang.Object, java.lang.Object)'> (0x000000009c874338) 
thrown [s\src\hotspot\share\interpreter\linkResolver.cpp, line 771]
Event: 1.666 Thread 0x00000238da444d70 Exception <a 'java/lang/NoSuchMethodError'{0x000000009c87c100}: 'int java.lang.invoke.DirectMethodHandle$Holder.invokeStaticInit(java.lang.Object, java.lang.Object, java.lang.Object)'> (0x000000009c87c100) 
thrown [s\src\hotspot\share\interpreter\linkResolver.cpp, line 771]
Event: 1.671 Thread 0x00000238da444d70 Exception <a 'java/lang/NoSuchMethodError'{0x000000009c8d2ae0}: 'int java.lang.invoke.DirectMethodHandle$Holder.invokeStaticInit(java.lang.Object, java.lang.Object, java.lang.Object, java.lang.Object)'> (0x000000009c8d2ae0) 
thrown [s\src\hotspot\share\interpreter\linkResolver.cpp, line 771]

VM Operations (20 events):
Event: 1.420 Executing VM operation: HandshakeAllThreads
Event: 1.420 Executing VM operation: HandshakeAllThreads done
Event: 1.431 Executing VM operation: G1CollectForAllocation
Event: 1.432 Executing VM operation: G1CollectForAllocation done
Event: 1.497 Executing VM operation: HandshakeAllThreads
Event: 1.497 Executing VM operation: HandshakeAllThreads done
Event: 1.581 Executing VM operation: HandshakeAllThreads
Event: 1.581 Executing VM operation: HandshakeAllThreads done
Event: 1.603 Executing VM operation: HandshakeAllThreads
Event: 1.603 Executing VM operation: HandshakeAllThreads done
Event: 1.609 Executing VM operation: G1CollectForAllocation
Event: 1.610 Executing VM operation: G1CollectForAllocation done
Event: 1.632 Executing VM operation: CollectForMetadataAllocation
Event: 1.633 Executing VM operation: CollectForMetadataAllocation done
Event: 1.637 Executing VM operation: G1PauseRemark
Event: 1.638 Executing VM operation: G1PauseRemark done
Event: 1.640 Executing VM operation: G1PauseCleanup
Event: 1.640 Executing VM operation: G1PauseCleanup done
Event: 1.653 Executing VM operation: HandshakeAllThreads
Event: 1.653 Executing VM operation: HandshakeAllThreads done

Events (20 events):
Event: 1.717 loading class javax/swing/AbstractButton done
Event: 1.717 loading class javax/swing/JMenuItem done
Event: 1.717 loading class javax/swing/JMenu done
Event: 1.717 loading class javax/swing/table/DefaultTableModel
Event: 1.717 loading class javax/swing/table/AbstractTableModel
Event: 1.718 loading class javax/swing/table/AbstractTableModel done
Event: 1.718 loading class javax/swing/table/DefaultTableModel done
Event: 1.718 loading class javax/swing/JPopupMenu
Event: 1.718 loading class javax/swing/JPopupMenu done
Event: 1.718 loading class javax/swing/Action
Event: 1.718 loading class javax/swing/Action done
Event: 1.718 loading class javax/swing/JToolBar
Event: 1.718 loading class javax/swing/JToolBar done
Event: 1.718 loading class javax/swing/table/TableColumn
Event: 1.718 loading class javax/swing/table/TableColumn done
Event: 1.718 loading class java/awt/Image
Event: 1.718 loading class java/awt/Image done
Event: 1.718 loading class java/awt/MenuComponent
Event: 1.719 loading class java/awt/MenuComponent done
Event: 1.719 loading class java/awt/Font


Dynamic libraries:
0x00007ff7b2e60000 - 0x00007ff7b2e6a000 	C:\Program Files\Android\Android Studio\jbr\bin\java.exe
0x00007ffd6aeb0000 - 0x00007ffd6b0c7000 	C:\Windows\SYSTEM32\ntdll.dll
0x00007ffd69000000 - 0x00007ffd690c4000 	C:\Windows\System32\KERNEL32.DLL
0x00007ffd686e0000 - 0x00007ffd68a8d000 	C:\Windows\System32\KERNELBASE.dll
0x00007ffd684a0000 - 0x00007ffd685b1000 	C:\Windows\System32\ucrtbase.dll
0x00007ffd289b0000 - 0x00007ffd289c7000 	C:\Program Files\Android\Android Studio\jbr\bin\jli.dll
0x00007ffd39f30000 - 0x00007ffd39f4b000 	C:\Program Files\Android\Android Studio\jbr\bin\VCRUNTIME140.dll
0x00007ffd69ae0000 - 0x00007ffd69c8e000 	C:\Windows\System32\USER32.dll
0x00007ffd685c0000 - 0x00007ffd685e6000 	C:\Windows\System32\win32u.dll
0x00007ffd5a140000 - 0x00007ffd5a3d3000 	C:\Windows\WinSxS\amd64_microsoft.windows.common-controls_6595b64144ccf1df_6.0.22621.3672_none_2713b9d173822955\COMCTL32.dll
0x00007ffd69c90000 - 0x00007ffd69cb9000 	C:\Windows\System32\GDI32.dll
0x00007ffd6a320000 - 0x00007ffd6a3c7000 	C:\Windows\System32\msvcrt.dll
0x00007ffd68ac0000 - 0x00007ffd68bd9000 	C:\Windows\System32\gdi32full.dll
0x00007ffd681d0000 - 0x00007ffd6826a000 	C:\Windows\System32\msvcp_win.dll
0x00007ffd6a790000 - 0x00007ffd6a7c1000 	C:\Windows\System32\IMM32.DLL
0x00007ffd42500000 - 0x00007ffd4250c000 	C:\Program Files\Android\Android Studio\jbr\bin\vcruntime140_1.dll
0x00007ffcf2420000 - 0x00007ffcf24ad000 	C:\Program Files\Android\Android Studio\jbr\bin\msvcp140.dll
0x00007ffcd38c0000 - 0x00007ffcd4543000 	C:\Program Files\Android\Android Studio\jbr\bin\server\jvm.dll
0x00007ffd68f40000 - 0x00007ffd68ff2000 	C:\Windows\System32\ADVAPI32.dll
0x00007ffd6abb0000 - 0x00007ffd6ac59000 	C:\Windows\System32\sechost.dll
0x00007ffd68a90000 - 0x00007ffd68ab8000 	C:\Windows\System32\bcrypt.dll
0x00007ffd6acf0000 - 0x00007ffd6ae04000 	C:\Windows\System32\RPCRT4.dll
0x00007ffd4ebc0000 - 0x00007ffd4ebc9000 	C:\Windows\SYSTEM32\WSOCK32.dll
0x00007ffd67080000 - 0x00007ffd670cd000 	C:\Windows\SYSTEM32\POWRPROF.dll
0x00007ffd6a710000 - 0x00007ffd6a781000 	C:\Windows\System32\WS2_32.dll
0x00007ffd5d9a0000 - 0x00007ffd5d9d4000 	C:\Windows\SYSTEM32\WINMM.dll
0x00007ffd621a0000 - 0x00007ffd621aa000 	C:\Windows\SYSTEM32\VERSION.dll
0x00007ffd67060000 - 0x00007ffd67073000 	C:\Windows\SYSTEM32\UMPDC.dll
0x00007ffd67310000 - 0x00007ffd67328000 	C:\Windows\SYSTEM32\kernel.appcore.dll
0x00007ffd41e50000 - 0x00007ffd41e5a000 	C:\Program Files\Android\Android Studio\jbr\bin\jimage.dll
0x00007ffd655a0000 - 0x00007ffd657d2000 	C:\Windows\SYSTEM32\DBGHELP.DLL
0x00007ffd6a7d0000 - 0x00007ffd6ab5e000 	C:\Windows\System32\combase.dll
0x00007ffd699a0000 - 0x00007ffd69a77000 	C:\Windows\System32\OLEAUT32.dll
0x00007ffd49950000 - 0x00007ffd49982000 	C:\Windows\SYSTEM32\dbgcore.DLL
0x00007ffd685f0000 - 0x00007ffd6866b000 	C:\Windows\System32\bcryptPrimitives.dll
0x00007ffd2f7a0000 - 0x00007ffd2f7ae000 	C:\Program Files\Android\Android Studio\jbr\bin\instrument.dll
0x00007ffd41b00000 - 0x00007ffd41b25000 	C:\Program Files\Android\Android Studio\jbr\bin\java.dll
0x00007ffd303f0000 - 0x00007ffd30408000 	C:\Program Files\Android\Android Studio\jbr\bin\zip.dll
0x00007ffd690f0000 - 0x00007ffd69957000 	C:\Windows\System32\SHELL32.dll
0x00007ffd66160000 - 0x00007ffd66a5f000 	C:\Windows\SYSTEM32\windows.storage.dll
0x00007ffd66020000 - 0x00007ffd6615f000 	C:\Windows\SYSTEM32\wintypes.dll
0x00007ffd68c90000 - 0x00007ffd68d89000 	C:\Windows\System32\SHCORE.dll
0x00007ffd6a2c0000 - 0x00007ffd6a31e000 	C:\Windows\System32\shlwapi.dll
0x00007ffd68100000 - 0x00007ffd68127000 	C:\Windows\SYSTEM32\profapi.dll
0x00007ffd2ffe0000 - 0x00007ffd2fff9000 	C:\Program Files\Android\Android Studio\jbr\bin\net.dll
0x00007ffd64820000 - 0x00007ffd64956000 	C:\Windows\SYSTEM32\WINHTTP.dll
0x00007ffd67780000 - 0x00007ffd677e9000 	C:\Windows\system32\mswsock.dll
0x00007ffd2f8d0000 - 0x00007ffd2f8e6000 	C:\Program Files\Android\Android Studio\jbr\bin\nio.dll
0x00007ffd30190000 - 0x00007ffd301a0000 	C:\Program Files\Android\Android Studio\jbr\bin\verify.dll
0x00007ffd27520000 - 0x00007ffd27547000 	C:\Users\alexa\.gradle\native\c067742578af261105cb4f569cf0c3c89f3d7b1fecec35dd04571415982c5e48\windows-amd64\native-platform.dll
0x00007ffcf1dc0000 - 0x00007ffcf1f04000 	C:\Users\alexa\.gradle\native\38dada09dfb8b06ba9b0570ebf7e218e3eb74d4ef43ca46872605cf95ebc2f47\windows-amd64\native-platform-file-events.dll
0x00007ffd3a050000 - 0x00007ffd3a059000 	C:\Program Files\Android\Android Studio\jbr\bin\management.dll
0x00007ffd305a0000 - 0x00007ffd305ab000 	C:\Program Files\Android\Android Studio\jbr\bin\management_ext.dll
0x00007ffd6a3d0000 - 0x00007ffd6a3d8000 	C:\Windows\System32\PSAPI.DLL
0x00007ffd679d0000 - 0x00007ffd679eb000 	C:\Windows\SYSTEM32\CRYPTSP.dll
0x00007ffd67270000 - 0x00007ffd672a5000 	C:\Windows\system32\rsaenh.dll
0x00007ffd67870000 - 0x00007ffd67898000 	C:\Windows\SYSTEM32\USERENV.dll
0x00007ffd679f0000 - 0x00007ffd679fc000 	C:\Windows\SYSTEM32\CRYPTBASE.dll
0x00007ffd66d30000 - 0x00007ffd66d5d000 	C:\Windows\SYSTEM32\IPHLPAPI.DLL
0x00007ffd69990000 - 0x00007ffd69999000 	C:\Windows\System32\NSI.dll
0x00007ffd647e0000 - 0x00007ffd647f9000 	C:\Windows\SYSTEM32\dhcpcsvc6.DLL
0x00007ffd647c0000 - 0x00007ffd647df000 	C:\Windows\SYSTEM32\dhcpcsvc.DLL
0x00007ffd66d60000 - 0x00007ffd66e58000 	C:\Windows\SYSTEM32\DNSAPI.dll
0x00007ffd41af0000 - 0x00007ffd41af9000 	C:\Program Files\Android\Android Studio\jbr\bin\extnet.dll
0x00007ffd19570000 - 0x00007ffd19578000 	C:\Windows\system32\wshunix.dll

dbghelp: loaded successfully - version: 4.0.5 - missing functions: none
symbol engine: initialized successfully - sym options: 0x614 - pdb path: .;C:\Program Files\Android\Android Studio\jbr\bin;C:\Windows\SYSTEM32;C:\Windows\WinSxS\amd64_microsoft.windows.common-controls_6595b64144ccf1df_6.0.22621.3672_none_2713b9d173822955;C:\Program Files\Android\Android Studio\jbr\bin\server;C:\Users\alexa\.gradle\native\c067742578af261105cb4f569cf0c3c89f3d7b1fecec35dd04571415982c5e48\windows-amd64;C:\Users\alexa\.gradle\native\38dada09dfb8b06ba9b0570ebf7e218e3eb74d4ef43ca46872605cf95ebc2f47\windows-amd64

VM Arguments:
jvm_args: --add-opens=java.base/java.util=ALL-UNNAMED --add-opens=java.base/java.lang=ALL-UNNAMED --add-opens=java.base/java.lang.invoke=ALL-UNNAMED --add-opens=java.prefs/java.util.prefs=ALL-UNNAMED --add-opens=java.base/java.nio.charset=ALL-UNNAMED --add-opens=java.base/java.net=ALL-UNNAMED --add-opens=java.base/java.util.concurrent.atomic=ALL-UNNAMED -Xmx2048m -Dfile.encoding=UTF-8 -Duser.country=RU -Duser.language=ru -Duser.variant -javaagent:C:\Users\alexa\.gradle\wrapper\dists\gradle-8.7-bin\bhs2wmbdwecv87pi65oeuq5iu\gradle-8.7\lib\agents\gradle-instrumentation-agent-8.7.jar 
java_command: org.gradle.launcher.daemon.bootstrap.GradleDaemon 8.7
java_class_path (initial): C:\Users\alexa\.gradle\wrapper\dists\gradle-8.7-bin\bhs2wmbdwecv87pi65oeuq5iu\gradle-8.7\lib\gradle-launcher-8.7.jar
Launcher Type: SUN_STANDARD

[Global flags]
     intx CICompilerCount                          = 4                                         {product} {ergonomic}
     uint ConcGCThreads                            = 3                                         {product} {ergonomic}
     uint G1ConcRefinementThreads                  = 10                                        {product} {ergonomic}
   size_t G1HeapRegionSize                         = 1048576                                   {product} {ergonomic}
    uintx GCDrainStackTargetSize                   = 64                                        {product} {ergonomic}
   size_t InitialHeapSize                          = 534773760                                 {product} {ergonomic}
   size_t MarkStackSize                            = 4194304                                   {product} {ergonomic}
   size_t MaxHeapSize                              = 2147483648                                {product} {command line}
   size_t MaxNewSize                               = 1287651328                                {product} {ergonomic}
   size_t MinHeapDeltaBytes                        = 1048576                                   {product} {ergonomic}
   size_t MinHeapSize                              = 8388608                                   {product} {ergonomic}
    uintx NonNMethodCodeHeapSize                   = 5839372                                {pd product} {ergonomic}
    uintx NonProfiledCodeHeapSize                  = 122909434                              {pd product} {ergonomic}
    uintx ProfiledCodeHeapSize                     = 122909434                              {pd product} {ergonomic}
    uintx ReservedCodeCacheSize                    = 251658240                              {pd product} {ergonomic}
     bool SegmentedCodeCache                       = true                                      {product} {ergonomic}
   size_t SoftMaxHeapSize                          = 2147483648                             {manageable} {ergonomic}
     bool UseCompressedClassPointers               = true                           {product lp64_product} {ergonomic}
     bool UseCompressedOops                        = true                           {product lp64_product} {ergonomic}
     bool UseG1GC                                  = true                                      {product} {ergonomic}
     bool UseLargePagesIndividualAllocation        = false                                  {pd product} {ergonomic}

Logging:
Log output configuration:
 #0: stdout all=warning uptime,level,tags
 #1: stderr all=off uptime,level,tags

Environment Variables:
PATH=C:\Program Files\NVIDIA GPU Computing Toolkit\CUDA\v12.6\bin;C:\Program Files\NVIDIA GPU Computing Toolkit\CUDA\v12.6\libnvvp;C:\Program Files (x86)\Common Files\Oracle\Java\java8path;C:\Program Files (x86)\Common Files\Oracle\Java\javapath;C:\Windows\system32;C:\Windows;C:\Windows\System32\Wbem;C:\Windows\System32\WindowsPowerShell\v1.0\;C:\Windows\System32\OpenSSH\;C:\Program Files\NVIDIA Corporation\NVIDIA NvDLISR;C:\Program Files (x86)\NVIDIA Corporation\PhysX\Common;C:\Program Files\dotnet\;C:\Program Files (x86)\Windows Kits\10\Windows Performance Toolkit\;C:\Program Files\NVIDIA Corporation\Nsight Compute 2024.3.0\;K:\Git\cmd;C:\Users\alexa\AppData\Local\Programs\Python\Python312\Scripts\;C:\Users\alexa\AppData\Local\Programs\Python\Python312\;C:\Users\alexa\AppData\Local\Programs\Python\Python310\;C:\Users\alexa\AppData\Local\Programs\Python\Python310\Scripts\;C:\Users\alexa\AppData\Local\Microsoft\WindowsApps;C:\Program Files\JetBrains\IntelliJ IDEA Community Edition 2023.3.4\bin;;C:\Users\alexa\AppData\Local\GitHubDesktop\bin;C:\Program Files\JetBrains\PyCharm Community Edition 2023.3.4\bin;;C:\Users\alexa\AppData\Local\Programs\Microsoft VS Code\bin;C:\Users\alexa\.dotnet\tools
USERNAME=alexa
OS=Windows_NT
PROCESSOR_IDENTIFIER=Intel64 Family 6 Model 151 Stepping 2, GenuineIntel
TMP=C:\Users\alexa\AppData\Local\Temp
TEMP=C:\Users\alexa\AppData\Local\Temp



Periodic native trim disabled

JNI global refs:
JNI global refs: 25, weak refs: 0

JNI global refs memory usage: 843, weak refs: 841

Process memory usage:
Resident Set Size: 241508K (0% of 33410936K total physical memory with 20676460K free physical memory)

OOME stack traces (most recent first):
Classloader memory used:
Loader org.gradle.internal.classloader.VisitableURLClassLoader                         : 2214K
Loader bootstrap                                                                       : 2174K
Loader org.gradle.initialization.MixInLegacyTypesClassLoader                           : 485K
Loader jdk.internal.loader.ClassLoaders$PlatformClassLoader                            : 31255B
Loader jdk.internal.loader.ClassLoaders$AppClassLoader                                 : 28714B
Loader jdk.internal.reflect.DelegatingClassLoader                                      : 4320B

Classes loaded by more than one classloader:
Class org.gradle.internal.installation.GradleInstallation                             : loaded 2 times (x 73B)
Class org.gradle.internal.classpath.ClassPath                                         : loaded 2 times (x 68B)
Class org.gradle.api.internal.classpath.DefaultModuleRegistry                         : loaded 2 times (x 84B)
Class org.gradle.api.Action                                                           : loaded 2 times (x 68B)
Class org.gradle.api.internal.DefaultClassPathProvider                                : loaded 2 times (x 74B)
Class org.gradle.internal.installation.GradleInstallation$1                           : loaded 2 times (x 73B)
Class org.gradle.internal.classloader.FilteringClassLoader                            : loaded 2 times (x 103B)
Class org.gradle.internal.classpath.DefaultClassPath$ImmutableUniqueList$Builder      : loaded 2 times (x 73B)
Class org.gradle.internal.classloader.ClassLoaderVisitor                              : loaded 2 times (x 74B)
Class org.gradle.internal.service.DefaultServiceLocator                               : loaded 2 times (x 81B)
Class org.gradle.internal.service.UnknownServiceException                             : loaded 2 times (x 81B)
Class org.gradle.internal.classloader.DefaultClassLoaderFactory                       : loaded 2 times (x 80B)
Class org.gradle.internal.classloader.VisitableURLClassLoader$Spec                    : loaded 2 times (x 72B)
Class org.gradle.api.GradleException                                                  : loaded 2 times (x 80B)
Class org.gradle.api.internal.classpath.ModuleRegistry                                : loaded 2 times (x 68B)
Class org.gradle.api.internal.ClassPathProvider                                       : loaded 2 times (x 68B)
Class org.gradle.internal.classloader.ClasspathUtil$1                                 : loaded 2 times (x 74B)
Class org.gradle.internal.classloader.ClassLoaderFactory                              : loaded 2 times (x 68B)
Class org.gradle.api.internal.classpath.ManifestUtil                                  : loaded 2 times (x 69B)
Class org.gradle.api.specs.Spec                                                       : loaded 2 times (x 68B)
Class org.gradle.internal.IoActions                                                   : loaded 2 times (x 69B)
Class org.gradle.api.internal.classpath.EffectiveClassPath                            : loaded 2 times (x 88B)
Class org.gradle.internal.installation.CurrentGradleInstallation                      : loaded 2 times (x 71B)
Class org.gradle.internal.agents.InstrumentingClassLoader                             : loaded 2 times (x 68B)
Class org.gradle.internal.installation.CurrentGradleInstallationLocator               : loaded 2 times (x 69B)
Class org.gradle.api.internal.classpath.Module                                        : loaded 2 times (x 68B)
Class org.gradle.internal.service.CachingServiceLocator                               : loaded 2 times (x 80B)
Class org.gradle.internal.classpath.DefaultClassPath                                  : loaded 2 times (x 88B)
Class org.gradle.internal.classloader.SystemClassLoaderSpec                           : loaded 2 times (x 69B)
Class org.gradle.api.UncheckedIOException                                             : loaded 2 times (x 80B)
Class org.gradle.internal.classloader.ClasspathUtil                                   : loaded 2 times (x 69B)
Class org.gradle.api.internal.DefaultClassPathRegistry                                : loaded 2 times (x 74B)
Class org.gradle.api.internal.classpath.DefaultModuleRegistry$DefaultModule           : loaded 2 times (x 84B)
Class org.gradle.api.internal.classpath.UnknownModuleException                        : loaded 2 times (x 80B)
Class org.gradle.internal.service.ServiceLookupException                              : loaded 2 times (x 80B)
Class org.gradle.cache.GlobalCache                                                    : loaded 2 times (x 68B)
Class [Lorg.gradle.api.internal.ClassPathProvider;                                    : loaded 2 times (x 67B)
Class org.gradle.util.internal.GUtil                                                  : loaded 2 times (x 69B)
Class org.gradle.internal.classloader.ClassLoaderSpec                                 : loaded 2 times (x 69B)
Class org.gradle.internal.classloader.VisitableURLClassLoader                         : loaded 2 times (x 115B)
Class org.gradle.internal.Cast                                                        : loaded 2 times (x 69B)
Class org.gradle.api.internal.ClassPathRegistry                                       : loaded 2 times (x 68B)
Class org.gradle.internal.classloader.VisitableURLClassLoader$InstrumentingVisitableURLClassLoader: loaded 2 times (x 121B)
Class org.gradle.internal.classloader.ClassLoaderHierarchy                            : loaded 2 times (x 68B)
Class org.gradle.internal.InternalTransformer                                         : loaded 2 times (x 68B)
Class org.gradle.internal.service.ServiceLocator                                      : loaded 2 times (x 68B)
Class org.gradle.internal.classpath.DefaultClassPath$ImmutableUniqueList              : loaded 2 times (x 159B)
Class org.gradle.internal.classpath.TransformedClassPath                              : loaded 2 times (x 94B)


---------------  S Y S T E M  ---------------

OS:
 Windows 11 , 64 bit Build 22621 (10.0.22621.3958)
OS uptime: 1 days 2:53 hours

CPU: total 12 (initial active 12) (6 cores per cpu, 2 threads per core) family 6 model 151 stepping 2 microcode 0xf, cx8, cmov, fxsr, ht, mmx, 3dnowpref, sse, sse2, sse3, ssse3, sse4.1, sse4.2, popcnt, lzcnt, tsc, tscinvbit, avx, avx2, aes, erms, clmul, bmi1, bmi2, adx, sha, fma, vzeroupper, clflush, clflushopt, clwb
Processor Information for all 12 processors :
  Max Mhz: 2500, Current Mhz: 2500, Mhz Limit: 2500

Memory: 4k page, system-wide physical 32627M (20191M free)
TotalPageFile size 32627M (AvailPageFile size 18181M)
current process WorkingSet (physical memory assigned to process): 235M, peak: 235M
current process commit charge ("private bytes"): 274M, peak: 670M

vm_info: OpenJDK 64-Bit Server VM (17.0.11+0--11852314) for windows-amd64 JRE (17.0.11+0--11852314), built on May 16 2024 21:29:20 by "androidbuild" with MS VC++ 16.10 / 16.11 (VS2019)

END.
